<?xml version="1.0" encoding="UTF-8"?>
<!-- Generated by org.testng.reporters.JUnitReportReporter -->
<testsuite hostname="DESKTOP-PGP9UMM" failures="0" tests="1" name="samplePrograms.testFlipkart" time="14.629" errors="0" timestamp="2024-08-26T22:51:15 CEST" skipped="0">
  <testcase classname="samplePrograms.testFlipkart" name="login" time="14.629"/>
  <system-out/>
</testsuite> <!-- samplePrograms.testFlipkart -->
