<?xml version="1.0" encoding="UTF-8"?>
<!-- Generated by org.testng.reporters.JUnitReportReporter -->
<testsuite hostname="DESKTOP-PGP9UMM" failures="0" tests="1" name="samplePrograms.sampleForLoop" time="5.024" errors="0" timestamp="2024-08-25T12:40:32 CEST" skipped="0">
  <testcase classname="samplePrograms.sampleForLoop" name="login" time="5.024"/>
  <system-out/>
</testsuite> <!-- samplePrograms.sampleForLoop -->
